-------------------------------------------------------------------------------
Test set: com.systemwatch.MetricsRepositoryTest
-------------------------------------------------------------------------------
Tests run: 5, Failures: 0, Errors: 4, Skipped: 0, Time elapsed: 12.48 s <<< FAILURE! -- in com.systemwatch.MetricsRepositoryTest
com.systemwatch.MetricsRepositoryTest.testInsertDiskMetrics -- Time elapsed: 3.130 s <<< ERROR!
org.sqlite.SQLiteException: [SQLITE_BUSY] The database file is locked (database is locked)
	at org.sqlite.core.DB.newSQLException(DB.java:1179)
	at org.sqlite.core.DB.newSQLException(DB.java:1190)
	at org.sqlite.core.DB.throwex(DB.java:1150)
	at org.sqlite.core.DB.executeBatch(DB.java:951)
	at org.sqlite.core.DB.lambda$executeBatch$0(DB.java:916)
	at org.sqlite.core.SafeStmtPtr.safeRun(SafeStmtPtr.java:128)
	at org.sqlite.core.DB.executeBatch(DB.java:916)
	at org.sqlite.core.CorePreparedStatement.lambda$executeLargeBatch$1(CorePreparedStatement.java:76)
	at org.sqlite.jdbc3.JDBC3Statement.withConnectionTimeout(JDBC3Statement.java:454)
	at org.sqlite.core.CorePreparedStatement.executeLargeBatch(CorePreparedStatement.java:72)
	at org.sqlite.core.CorePreparedStatement.executeBatch(CorePreparedStatement.java:58)
	at com.systemwatch.MetricsRepository.insertDiskMetrics(MetricsRepository.java:87)
	at com.systemwatch.MetricsRepositoryTest.testInsertDiskMetrics(MetricsRepositoryTest.java:52)
	at java.base/java.lang.reflect.Method.invoke(Method.java:565)
	at java.base/java.util.ArrayList.forEach(ArrayList.java:1612)
	at java.base/java.util.ArrayList.forEach(ArrayList.java:1612)

com.systemwatch.MetricsRepositoryTest.testDataIntegrityAfterInsert -- Time elapsed: 3.076 s <<< ERROR!
org.sqlite.SQLiteException: [SQLITE_BUSY] The database file is locked (database is locked)
	at org.sqlite.core.DB.newSQLException(DB.java:1179)
	at org.sqlite.core.DB.newSQLException(DB.java:1190)
	at org.sqlite.core.DB.execute(DB.java:985)
	at org.sqlite.core.DB.executeUpdate(DB.java:1054)
	at org.sqlite.jdbc3.JDBC3PreparedStatement.lambda$executeLargeUpdate$2(JDBC3PreparedStatement.java:129)
	at org.sqlite.jdbc3.JDBC3Statement.withConnectionTimeout(JDBC3Statement.java:454)
	at org.sqlite.jdbc3.JDBC3PreparedStatement.executeLargeUpdate(JDBC3PreparedStatement.java:124)
	at org.sqlite.jdbc3.JDBC3PreparedStatement.executeUpdate(JDBC3PreparedStatement.java:105)
	at com.systemwatch.MetricsRepository.insertCpuMetrics(MetricsRepository.java:44)
	at com.systemwatch.MetricsRepositoryTest.testDataIntegrityAfterInsert(MetricsRepositoryTest.java:79)
	at java.base/java.lang.reflect.Method.invoke(Method.java:565)
	at java.base/java.util.ArrayList.forEach(ArrayList.java:1612)
	at java.base/java.util.ArrayList.forEach(ArrayList.java:1612)

com.systemwatch.MetricsRepositoryTest.testInsertCpuMetrics -- Time elapsed: 3.075 s <<< ERROR!
org.sqlite.SQLiteException: [SQLITE_BUSY] The database file is locked (database is locked)
	at org.sqlite.core.DB.newSQLException(DB.java:1179)
	at org.sqlite.core.DB.newSQLException(DB.java:1190)
	at org.sqlite.core.DB.execute(DB.java:985)
	at org.sqlite.core.DB.executeUpdate(DB.java:1054)
	at org.sqlite.jdbc3.JDBC3PreparedStatement.lambda$executeLargeUpdate$2(JDBC3PreparedStatement.java:129)
	at org.sqlite.jdbc3.JDBC3Statement.withConnectionTimeout(JDBC3Statement.java:454)
	at org.sqlite.jdbc3.JDBC3PreparedStatement.executeLargeUpdate(JDBC3PreparedStatement.java:124)
	at org.sqlite.jdbc3.JDBC3PreparedStatement.executeUpdate(JDBC3PreparedStatement.java:105)
	at com.systemwatch.MetricsRepository.insertCpuMetrics(MetricsRepository.java:44)
	at com.systemwatch.MetricsRepositoryTest.testInsertCpuMetrics(MetricsRepositoryTest.java:26)
	at java.base/java.lang.reflect.Method.invoke(Method.java:565)
	at java.base/java.util.ArrayList.forEach(ArrayList.java:1612)
	at java.base/java.util.ArrayList.forEach(ArrayList.java:1612)

com.systemwatch.MetricsRepositoryTest.testInsertProcessMetrics -- Time elapsed: 3.101 s <<< ERROR!
org.sqlite.SQLiteException: [SQLITE_BUSY] The database file is locked (database is locked)
	at org.sqlite.core.DB.newSQLException(DB.java:1179)
	at org.sqlite.core.DB.newSQLException(DB.java:1190)
	at org.sqlite.core.DB.throwex(DB.java:1150)
	at org.sqlite.core.DB.executeBatch(DB.java:951)
	at org.sqlite.core.DB.lambda$executeBatch$0(DB.java:916)
	at org.sqlite.core.SafeStmtPtr.safeRun(SafeStmtPtr.java:128)
	at org.sqlite.core.DB.executeBatch(DB.java:916)
	at org.sqlite.core.CorePreparedStatement.lambda$executeLargeBatch$1(CorePreparedStatement.java:76)
	at org.sqlite.jdbc3.JDBC3Statement.withConnectionTimeout(JDBC3Statement.java:454)
	at org.sqlite.core.CorePreparedStatement.executeLargeBatch(CorePreparedStatement.java:72)
	at org.sqlite.core.CorePreparedStatement.executeBatch(CorePreparedStatement.java:58)
	at com.systemwatch.MetricsRepository.insertProcessMetrics(MetricsRepository.java:112)
	at com.systemwatch.MetricsRepositoryTest.testInsertProcessMetrics(MetricsRepositoryTest.java:64)
	at java.base/java.lang.reflect.Method.invoke(Method.java:565)
	at java.base/java.util.ArrayList.forEach(ArrayList.java:1612)
	at java.base/java.util.ArrayList.forEach(ArrayList.java:1612)

