<?xml version="1.0" encoding="UTF-8"?>
<testsuite xmlns:xsi="http://www.w3.org/2001/XMLSchema-instance" xsi:noNamespaceSchemaLocation="https://maven.apache.org/surefire/maven-surefire-plugin/xsd/surefire-test-report-3.0.xsd" version="3.0" name="com.systemwatch.DatabasePopulatorTest" time="0.478" tests="2" errors="0" skipped="0" failures="0">
  <properties>
[...]
</properties>
  <testcase name="testDataRetentionGranularitySampling" classname="com.systemwatch.DatabasePopulatorTest" time="0.424">
    <system-out><![CDATA[cpu test: SUCCESS for base=1778267889331 expected=11
ram test: SUCCESS for base=1778267889331 expected=11
disk test: SUCCESS for base=1778267889331 expected=11
process test: SUCCESS for base=1778267889331 expected=11
cpu test: SUCCESS for base=1778267619331 expected=6
ram test: SUCCESS for base=1778267619331 expected=6
disk test: SUCCESS for base=1778267619331 expected=6
process test: SUCCESS for base=1778267619331 expected=6
cpu test: SUCCESS for base=1778260719331 expected=3
ram test: SUCCESS for base=1778260719331 expected=3
disk test: SUCCESS for base=1778260719331 expected=3
process test: SUCCESS for base=1778260719331 expected=3
cpu test: SUCCESS for base=1778095119331 expected=2
ram test: SUCCESS for base=1778095119331 expected=2
disk test: SUCCESS for base=1778095119331 expected=2
process test: SUCCESS for base=1778095119331 expected=2
cpu test: SUCCESS for base=1777403919331 expected=1
ram test: SUCCESS for base=1777403919331 expected=1
disk test: SUCCESS for base=1777403919331 expected=1
process test: SUCCESS for base=1777403919331 expected=1
]]></system-out>
  </testcase>
  <testcase name="testPopulateAndVerifyData" classname="com.systemwatch.DatabasePopulatorTest" time="0.031"/>
</testsuite>