<?xml version="1.0" encoding="UTF-8"?>
<testsuite xmlns:xsi="http://www.w3.org/2001/XMLSchema-instance" xsi:noNamespaceSchemaLocation="https://maven.apache.org/surefire/maven-surefire-plugin/xsd/surefire-test-report-3.0.xsd" version="3.0" name="com.systemwatch.GatherMetricsTest" time="3.175" tests="10" errors="0" skipped="0" failures="0">
  <properties>
[...]
</properties>
  <testcase name="testMemoryConsistency" classname="com.systemwatch.GatherMetricsTest" time="1.033">
    <system-out><![CDATA[12:41:00.593 [main] DEBUG oshi.software.os.windows.WindowsOperatingSystem -- Debug privileges not enabled.
12:41:01.008 [main] DEBUG oshi.util.platform.windows.PerfCounterQuery -- Localized PhysicalDisk to PhysicalDisk
12:41:01.133 [main] DEBUG oshi.util.platform.windows.PerfCounterQuery -- Localized Processor Information to Processor Information
Used Memory: 21027 MB
Available Memory: 46996 MB
Used + Available: 68023 MB
Total Memory: 68023 MB
]]></system-out>
  </testcase>
  <testcase name="testProcessListNotNull" classname="com.systemwatch.GatherMetricsTest" time="0.378">
    <system-out><![CDATA[Processes exist! Number of processes: 301
]]></system-out>
  </testcase>
  <testcase name="testDiskMetricsConsistency" classname="com.systemwatch.GatherMetricsTest" time="0.115">
    <system-out><![CDATA[-----------------------
Disk: C:\
Used Memory: 923787 MB
Free Memory: 1123158 MB
Used + Free: 2046945 MB
Total Memory: 2046945 MB
-----------------------
]]></system-out>
  </testcase>
  <testcase name="testProcessMetricsRange" classname="com.systemwatch.GatherMetricsTest" time="0.663">
    <system-out><![CDATA[-----------------------
Process: Idle (PID 0)
CPU Usage: 97.29%
RAM Usage: 0.00%
Disk Usage: 0.00%
-----------------------
-----------------------
Process: java (PID 21528)
CPU Usage: 0.91%
RAM Usage: 0.31%
Disk Usage: 0.00%
-----------------------
-----------------------
Process: java (PID 16232)
CPU Usage: 0.00%
RAM Usage: 0.37%
Disk Usage: 0.00%
-----------------------
-----------------------
Process: firefox (PID 27936)
CPU Usage: 0.00%
RAM Usage: 1.67%
Disk Usage: 0.00%
-----------------------
-----------------------
Process: Taskmgr (PID 21016)
CPU Usage: 0.00%
RAM Usage: 0.11%
Disk Usage: 0.00%
-----------------------
]]></system-out>
  </testcase>
  <testcase name="testLogicalCoreCount" classname="com.systemwatch.GatherMetricsTest" time="0.08">
    <system-out><![CDATA[Logical Cores: 16
]]></system-out>
  </testcase>
  <testcase name="testCpuUsageRange" classname="com.systemwatch.GatherMetricsTest" time="0.585">
    <system-out><![CDATA[CPU Usage: 0.60%
]]></system-out>
  </testcase>
  <testcase name="testUptimeNonNegative" classname="com.systemwatch.GatherMetricsTest" time="0.076">
    <system-out><![CDATA[Uptime: ~10129 minutes
]]></system-out>
  </testcase>
  <testcase name="testThreadCount" classname="com.systemwatch.GatherMetricsTest" time="0.081">
    <system-out><![CDATA[Threads: 4447
]]></system-out>
  </testcase>
  <testcase name="testMemoryUsagePercent" classname="com.systemwatch.GatherMetricsTest" time="0.08">
    <system-out><![CDATA[Memory Usage: 31.03%
]]></system-out>
  </testcase>
  <testcase name="testDiskModelsNotEmpty" classname="com.systemwatch.GatherMetricsTest" time="0.079">
    <system-out><![CDATA[[Disk #1: INTEL SSDPEKNW020T8 (Standard disk drives)]
]]></system-out>
  </testcase>
</testsuite>