<?xml version="1.0" encoding="UTF-8"?>
<testsuite xmlns:xsi="http://www.w3.org/2001/XMLSchema-instance" xsi:noNamespaceSchemaLocation="https://maven.apache.org/surefire/maven-surefire-plugin/xsd/surefire-test-report-3.0.xsd" version="3.0" name="com.systemwatch.IntegrationTest" time="0.271" tests="1" errors="0" skipped="0" failures="0">
  <properties>
[...]
</properties>
  <testcase name="testFullDataFlow" classname="com.systemwatch.IntegrationTest" time="0.271">
    <system-out><![CDATA[Insertion was successful on cpu Table
Insertion was successful on ram Table
Insertion was successful on disk Table
Insertion was successful on process Table
Integration Test Successful!
]]></system-out>
  </testcase>
</testsuite>