<?xml version="1.0" encoding="UTF-8"?>
<testsuite xmlns:xsi="http://www.w3.org/2001/XMLSchema-instance" xsi:noNamespaceSchemaLocation="https://maven.apache.org/surefire/maven-surefire-plugin/xsd/surefire-test-report-3.0.xsd" version="3.0" name="com.systemwatch.GatherMetricsTest" time="2.438" tests="10" errors="0" skipped="0" failures="0">
  <properties>
[...]
</properties>
  <testcase name="testMemoryConsistency" classname="com.systemwatch.GatherMetricsTest" time="0.611">
    <system-out><![CDATA[18:11:17.215 [main] DEBUG oshi.software.os.windows.WindowsOperatingSystem -- Debug privileges not enabled.
18:11:17.469 [main] DEBUG oshi.util.platform.windows.PerfCounterQuery -- Localized PhysicalDisk to PhysicalDisk
18:11:17.576 [main] DEBUG oshi.util.platform.windows.PerfCounterQuery -- Localized Processor Information to Processor Information
Used Memory: 11405 MB
Available Memory: 5693 MB
Used + Available: 17098 MB
Total Memory: 17098 MB
]]></system-out>
  </testcase>
  <testcase name="testProcessListNotNull" classname="com.systemwatch.GatherMetricsTest" time="0.183">
    <system-out><![CDATA[Processes exist! Number of processes: 248
]]></system-out>
  </testcase>
  <testcase name="testDiskMetricsConsistency" classname="com.systemwatch.GatherMetricsTest" time="0.117">
    <system-out><![CDATA[-----------------------
Disk: C:\
Used Memory: 844385 MB
Free Memory: 155173 MB
Used + Free: 999558 MB
Total Memory: 999558 MB
-----------------------
-----------------------
Disk: D:\
Used Memory: 598227 MB
Free Memory: 401329 MB
Used + Free: 999556 MB
Total Memory: 999556 MB
-----------------------
-----------------------
Disk: E:\
Used Memory: 0 MB
Free Memory: 0 MB
Used + Free: 0 MB
Total Memory: 0 MB
-----------------------
]]></system-out>
  </testcase>
  <testcase name="testProcessMetricsRange" classname="com.systemwatch.GatherMetricsTest" time="0.611">
    <system-out><![CDATA[-----------------------
Process: Idle (PID 0)
CPU Usage: 100.00%
RAM Usage: 0.00%
Disk Usage: 0.00%
-----------------------
-----------------------
Process: java (PID 19152)
CPU Usage: 20.83%
RAM Usage: 0.72%
Disk Usage: 6.91%
-----------------------
-----------------------
Process: java (PID 14460)
CPU Usage: 0.00%
RAM Usage: 1.81%
Disk Usage: 0.00%
-----------------------
-----------------------
Process: idea64 (PID 21424)
CPU Usage: 3.03%
RAM Usage: 8.97%
Disk Usage: 0.00%
-----------------------
-----------------------
Process: obs64 (PID 15572)
CPU Usage: 20.64%
RAM Usage: 0.57%
Disk Usage: 0.00%
-----------------------
]]></system-out>
  </testcase>
  <testcase name="testLogicalCoreCount" classname="com.systemwatch.GatherMetricsTest" time="0.062">
    <system-out><![CDATA[Logical Cores: 24
]]></system-out>
  </testcase>
  <testcase name="testCpuUsageRange" classname="com.systemwatch.GatherMetricsTest" time="0.56">
    <system-out><![CDATA[CPU Usage: 1.29%
]]></system-out>
  </testcase>
  <testcase name="testUptimeNonNegative" classname="com.systemwatch.GatherMetricsTest" time="0.063">
    <system-out><![CDATA[Uptime: ~4412 minutes
]]></system-out>
  </testcase>
  <testcase name="testThreadCount" classname="com.systemwatch.GatherMetricsTest" time="0.094">
    <system-out><![CDATA[Threads: 4830
]]></system-out>
  </testcase>
  <testcase name="testMemoryUsagePercent" classname="com.systemwatch.GatherMetricsTest" time="0.059">
    <system-out><![CDATA[Memory Usage: 66.89%
]]></system-out>
  </testcase>
  <testcase name="testDiskModelsNotEmpty" classname="com.systemwatch.GatherMetricsTest" time="0.059">
    <system-out><![CDATA[[Disk #1: SanDisk Extreme 1TB X3N (Standard disk drives), Disk #2: WDC WD10EZEX-08WN4A0 (Standard disk drives)]
]]></system-out>
  </testcase>
</testsuite>